<?xml version="1.0" encoding="UTF-8" ?>
<testsuite failures="0" time="0.958" errors="1" skipped="0" tests="2" name="com.rbc.test.app.main.StoreVisitorTest">
  <properties>
[...]
</properties>
  <testcase time="0.031" classname="com.rbc.test.app.main.StoreVisitorTest" name="testTotalAmountToPayWithNoItem"/>
  <testcase time="0.848" classname="com.rbc.test.app.main.StoreVisitorTest" name="mainTest">
    <error message="java.lang.ClassNotFoundException: Peach" type="java.lang.RuntimeException">java.lang.RuntimeException: java.lang.ClassNotFoundException: Peach
	at com.rbc.test.app.bo.StoreTray.pickItem(StoreTray.java:27)
	at com.rbc.test.app.service.AbstractItemCollector.collectItems(AbstractItemCollector.java:46)
	at com.rbc.test.app.main.StoreVisitor.beginShopping(StoreVisitor.java:72)
	at com.rbc.test.app.main.StoreVisitorTest.mainTest(StoreVisitorTest.java:80)
	at sun.reflect.NativeMethodAccessorImpl.invoke0(Native Method)
	at sun.reflect.NativeMethodAccessorImpl.invoke(NativeMethodAccessorImpl.java:57)
	at sun.reflect.DelegatingMethodAccessorImpl.invoke(DelegatingMethodAccessorImpl.java:43)
	at java.lang.reflect.Method.invoke(Method.java:606)
	at org.junit.runners.model.FrameworkMethod$1.runReflectiveCall(FrameworkMethod.java:50)
	at org.junit.internal.runners.model.ReflectiveCallable.run(ReflectiveCallable.java:12)
	at org.junit.runners.model.FrameworkMethod.invokeExplosively(FrameworkMethod.java:47)
	at org.junit.internal.runners.statements.InvokeMethod.evaluate(InvokeMethod.java:17)
	at org.junit.internal.runners.statements.RunBefores.evaluate(RunBefores.java:26)
	at org.junit.runners.ParentRunner.runLeaf(ParentRunner.java:325)
	at org.junit.runners.BlockJUnit4ClassRunner.runChild(BlockJUnit4ClassRunner.java:78)
	at org.junit.runners.BlockJUnit4ClassRunner.runChild(BlockJUnit4ClassRunner.java:57)
	at org.junit.runners.ParentRunner$3.run(ParentRunner.java:290)
	at org.junit.runners.ParentRunner$1.schedule(ParentRunner.java:71)
	at org.junit.runners.ParentRunner.runChildren(ParentRunner.java:288)
	at org.junit.runners.ParentRunner.access$000(ParentRunner.java:58)
	at org.junit.runners.ParentRunner$2.evaluate(ParentRunner.java:268)
	at org.junit.runners.ParentRunner.run(ParentRunner.java:363)
	at org.apache.maven.surefire.junit4.JUnit4TestSet.execute(JUnit4TestSet.java:53)
	at org.apache.maven.surefire.junit4.JUnit4Provider.executeTestSet(JUnit4Provider.java:123)
	at org.apache.maven.surefire.junit4.JUnit4Provider.invoke(JUnit4Provider.java:104)
	at sun.reflect.NativeMethodAccessorImpl.invoke0(Native Method)
	at sun.reflect.NativeMethodAccessorImpl.invoke(NativeMethodAccessorImpl.java:57)
	at sun.reflect.DelegatingMethodAccessorImpl.invoke(DelegatingMethodAccessorImpl.java:43)
	at java.lang.reflect.Method.invoke(Method.java:606)
	at org.apache.maven.surefire.util.ReflectionUtils.invokeMethodWithArray(ReflectionUtils.java:164)
	at org.apache.maven.surefire.booter.ProviderFactory$ProviderProxy.invoke(ProviderFactory.java:110)
	at org.apache.maven.surefire.booter.SurefireStarter.invokeProvider(SurefireStarter.java:175)
	at org.apache.maven.surefire.booter.SurefireStarter.runSuitesInProcessWhenForked(SurefireStarter.java:107)
	at org.apache.maven.surefire.booter.ForkedBooter.main(ForkedBooter.java:68)
Caused by: java.lang.ClassNotFoundException: Peach
	at java.net.URLClassLoader$1.run(URLClassLoader.java:366)
	at java.net.URLClassLoader$1.run(URLClassLoader.java:355)
	at java.security.AccessController.doPrivileged(Native Method)
	at java.net.URLClassLoader.findClass(URLClassLoader.java:354)
	at java.lang.ClassLoader.loadClass(ClassLoader.java:425)
	at sun.misc.Launcher$AppClassLoader.loadClass(Launcher.java:308)
	at java.lang.ClassLoader.loadClass(ClassLoader.java:358)
	at java.lang.Class.forName0(Native Method)
	at java.lang.Class.forName(Class.java:190)
	at com.rbc.test.app.bo.StoreTray.pickItem(StoreTray.java:17)
	... 33 more
</error>
    <system-out>FileRateSource-&gt;Orange:1.5
FileRateSource-&gt;Apple:0.75
FileRateSource-&gt;Banana:0.50
FileRateSource-&gt;Peach:0.75
FileRateSource-&gt;Lemon:0.60
Size-&gt;5
</system-out>
    <system-err>May 12, 2016 2:32:29 AM org.springframework.context.support.ClassPathXmlApplicationContext prepareRefresh
INFO: Refreshing org.springframework.context.support.ClassPathXmlApplicationContext@42bf2b13: startup date [Thu May 12 02:32:29 BST 2016]; root of context hierarchy
May 12, 2016 2:32:29 AM org.springframework.beans.factory.xml.XmlBeanDefinitionReader loadBeanDefinitions
INFO: Loading XML bean definitions from class path resource [rbc-application-context.xml]
May 12, 2016 2:32:30 AM com.rbc.test.app.dao.FileRateSource load
INFO: Loading rates from -&gt; item-rate-chart.txt
May 12, 2016 2:32:30 AM com.rbc.test.app.main.StoreVisitor beginShopping
INFO: No of items collecting into basket -&gt; 38
</system-err>
  </testcase>
</testsuite>